<?xml version="1.0" encoding="UTF-8"?>
<testsuite name="org.example.SILab2Test" tests="2" skipped="0" failures="0" errors="0" timestamp="2023-05-28T22:43:30" hostname="DESKTOP-2KO1RH4" time="0.026">
  <properties/>
  <testcase name="EveryBranch()" classname="org.example.SILab2Test" time="0.023"/>
  <testcase name="MultipleConditions()" classname="org.example.SILab2Test" time="0.002"/>
  <system-out><![CDATA[]]></system-out>
  <system-err><![CDATA[]]></system-err>
</testsuite>
